<?xml version="1.0" encoding="UTF-8"?>
<!-- Generated by org.testng.reporters.JUnitReportReporter -->
<testsuite hostname="DESKTOP-5A8O1IG" failures="0" tests="1" name="e_commerceProject.HandleToastMessage" time="29.392" errors="0" timestamp="2025-07-15T18:26:39 EEST" skipped="0">
  <testcase classname="e_commerceProject.HandleToastMessage" name="ToastMessage" time="29.392"/>
</testsuite> <!-- e_commerceProject.HandleToastMessage -->
