<?xml version="1.0" encoding="UTF-8"?>
<!-- Generated by org.testng.reporters.JUnitReportReporter -->
<testsuite hostname="DESKTOP-5A8O1IG" failures="0" tests="1" name="e_commerceProject.ScrollToElementAndAddToCart" time="40.439" errors="0" timestamp="2025-07-16T10:52:15 EEST" skipped="0">
  <testcase classname="e_commerceProject.ScrollToElementAndAddToCart" name="FillForm" time="40.439"/>
</testsuite> <!-- e_commerceProject.ScrollToElementAndAddToCart -->
