<?xml version="1.0" encoding="UTF-8"?>
<!-- Generated by org.testng.reporters.JUnitReportReporter -->
<testsuite hostname="DESKTOP-5A8O1IG" failures="0" tests="1" name="e_commerceProject.FirstTestCase" time="34.922" errors="0" timestamp="2025-07-15T13:26:50 EEST" skipped="0">
  <testcase classname="e_commerceProject.FirstTestCase" name="FillForm" time="34.922"/>
</testsuite> <!-- e_commerceProject.FirstTestCase -->
